INFO:     Started server process [30320]
INFO:     Waiting for application startup.
INFO:     Application startup complete.
INFO:     Uvicorn running on http://127.0.0.1:8000 (Press CTRL+C to quit)
INFO:auth:Login attempt for username: admin
INFO:auth:Password verification for admin: True
INFO:auth:Login attempt for username: bob
INFO:auth:Password verification for bob: True
INFO:auth:Login attempt for username: admin
INFO:auth:Password verification for admin: True
INFO:auth:Login attempt for username: ahammad
INFO:auth:Password verification for ahammad: True
ERROR:    Exception in ASGI application
Traceback (most recent call last):
  File "C:\Users\ahamm\AppData\Local\Programs\Python\Python311\Lib\site-packages\uvicorn\protocols\http\h11_impl.py", line 408, in run_asgi
    result = await app(  # type: ignore[func-returns-value]
             ^^^^^^^^^^^^^^^^^^^^^^^^^^^^^^^^^^^^^^^^^^^^^^
  File "C:\Users\ahamm\AppData\Local\Programs\Python\Python311\Lib\site-packages\uvicorn\middleware\proxy_headers.py", line 84, in __call__
    return await self.app(scope, receive, send)
           ^^^^^^^^^^^^^^^^^^^^^^^^^^^^^^^^^^^^
  File "C:\Users\ahamm\AppData\Local\Programs\Python\Python311\Lib\site-packages\fastapi\applications.py", line 1106, in __call__
    await super().__call__(scope, receive, send)
  File "C:\Users\ahamm\AppData\Local\Programs\Python\Python311\Lib\site-packages\starlette\applications.py", line 122, in __call__
    await self.middleware_stack(scope, receive, send)
  File "C:\Users\ahamm\AppData\Local\Programs\Python\Python311\Lib\site-packages\starlette\middleware\errors.py", line 184, in __call__
    raise exc
  File "C:\Users\ahamm\AppData\Local\Programs\Python\Python311\Lib\site-packages\starlette\middleware\errors.py", line 162, in __call__
    await self.app(scope, receive, _send)
  File "C:\Users\ahamm\AppData\Local\Programs\Python\Python311\Lib\site-packages\starlette\middleware\cors.py", line 91, in __call__
    await self.simple_response(scope, receive, send, request_headers=headers)
  File "C:\Users\ahamm\AppData\Local\Programs\Python\Python311\Lib\site-packages\starlette\middleware\cors.py", line 146, in simple_response
    await self.app(scope, receive, send)
  File "C:\Users\ahamm\AppData\Local\Programs\Python\Python311\Lib\site-packages\starlette\middleware\exceptions.py", line 79, in __call__
    raise exc
  File "C:\Users\ahamm\AppData\Local\Programs\Python\Python311\Lib\site-packages\starlette\middleware\exceptions.py", line 68, in __call__
    await self.app(scope, receive, sender)
  File "C:\Users\ahamm\AppData\Local\Programs\Python\Python311\Lib\site-packages\fastapi\middleware\asyncexitstack.py", line 20, in __call__
    raise e
  File "C:\Users\ahamm\AppData\Local\Programs\Python\Python311\Lib\site-packages\fastapi\middleware\asyncexitstack.py", line 17, in __call__
    await self.app(scope, receive, send)
  File "C:\Users\ahamm\AppData\Local\Programs\Python\Python311\Lib\site-packages\starlette\routing.py", line 718, in __call__
    await route.handle(scope, receive, send)
  File "C:\Users\ahamm\AppData\Local\Programs\Python\Python311\Lib\site-packages\starlette\routing.py", line 276, in handle
    await self.app(scope, receive, send)
  File "C:\Users\ahamm\AppData\Local\Programs\Python\Python311\Lib\site-packages\starlette\routing.py", line 66, in app
    response = await func(request)
               ^^^^^^^^^^^^^^^^^^^
  File "C:\Users\ahamm\AppData\Local\Programs\Python\Python311\Lib\site-packages\fastapi\routing.py", line 274, in app
    raw_response = await run_endpoint_function(
                   ^^^^^^^^^^^^^^^^^^^^^^^^^^^^
  File "C:\Users\ahamm\AppData\Local\Programs\Python\Python311\Lib\site-packages\fastapi\routing.py", line 193, in run_endpoint_function
    return await run_in_threadpool(dependant.call, **values)
           ^^^^^^^^^^^^^^^^^^^^^^^^^^^^^^^^^^^^^^^^^^^^^^^^^
  File "C:\Users\ahamm\AppData\Local\Programs\Python\Python311\Lib\site-packages\starlette\concurrency.py", line 41, in run_in_threadpool
    return await anyio.to_thread.run_sync(func, *args)
           ^^^^^^^^^^^^^^^^^^^^^^^^^^^^^^^^^^^^^^^^^^^
  File "C:\Users\ahamm\AppData\Local\Programs\Python\Python311\Lib\site-packages\anyio\to_thread.py", line 33, in run_sync
    return await get_asynclib().run_sync_in_worker_thread(
           ^^^^^^^^^^^^^^^^^^^^^^^^^^^^^^^^^^^^^^^^^^^^^^^
  File "C:\Users\ahamm\AppData\Local\Programs\Python\Python311\Lib\site-packages\anyio\_backends\_asyncio.py", line 877, in run_sync_in_worker_thread
    return await future
           ^^^^^^^^^^^^
  File "C:\Users\ahamm\AppData\Local\Programs\Python\Python311\Lib\site-packages\anyio\_backends\_asyncio.py", line 807, in run
    result = context.run(func, *args)
             ^^^^^^^^^^^^^^^^^^^^^^^^
  File "C:\7th sem\CAPSTON PROJECT\code\secure-data-sharing\backend\api\file_routes.py", line 294, in download_file
    encrypted_blob = load_encrypted_blob(secure_file.file_path)
                     ^^^^^^^^^^^^^^^^^^^^^^^^^^^^^^^^^^^^^^^^^^
  File "C:\7th sem\CAPSTON PROJECT\code\secure-data-sharing\backend\storage\storage_backend.py", line 108, in load_encrypted_blob
    return _load(resolved_key)
           ^^^^^^^^^^^^^^^^^^^
  File "C:\7th sem\CAPSTON PROJECT\code\secure-data-sharing\backend\storage\mongo_storage.py", line 48, in load_encrypted_blob
    grid_out = fs.get(ObjectId(key))
               ^^^^^^^^^^^^^^^^^^^^^
  File "C:\Users\ahamm\AppData\Local\Programs\Python\Python311\Lib\site-packages\gridfs\__init__.py", line 166, in get
    gout._ensure_file()
  File "C:\Users\ahamm\AppData\Local\Programs\Python\Python311\Lib\site-packages\gridfs\grid_file.py", line 510, in _ensure_file
    self._file = self.__files.find_one({"_id": self.__file_id}, session=self._session)
                 ^^^^^^^^^^^^^^^^^^^^^^^^^^^^^^^^^^^^^^^^^^^^^^^^^^^^^^^^^^^^^^^^^^^^^
  File "C:\Users\ahamm\AppData\Local\Programs\Python\Python311\Lib\site-packages\pymongo\collection.py", line 1506, in find_one
    for result in cursor.limit(-1):
  File "C:\Users\ahamm\AppData\Local\Programs\Python\Python311\Lib\site-packages\pymongo\cursor.py", line 1264, in next
    if len(self.__data) or self._refresh():
                           ^^^^^^^^^^^^^^^
  File "C:\Users\ahamm\AppData\Local\Programs\Python\Python311\Lib\site-packages\pymongo\cursor.py", line 1155, in _refresh
    self.__session = self.__collection.database.client._ensure_session()
                     ^^^^^^^^^^^^^^^^^^^^^^^^^^^^^^^^^^^^^^^^^^^^^^^^^^^
  File "C:\Users\ahamm\AppData\Local\Programs\Python\Python311\Lib\site-packages\pymongo\mongo_client.py", line 1823, in _ensure_session
    return self.__start_session(True, causal_consistency=False)
           ^^^^^^^^^^^^^^^^^^^^^^^^^^^^^^^^^^^^^^^^^^^^^^^^^^^^
  File "C:\Users\ahamm\AppData\Local\Programs\Python\Python311\Lib\site-packages\pymongo\mongo_client.py", line 1766, in __start_session
    self._topology._check_implicit_session_support()
  File "C:\Users\ahamm\AppData\Local\Programs\Python\Python311\Lib\site-packages\pymongo\topology.py", line 573, in _check_implicit_session_support
    self._check_session_support()
  File "C:\Users\ahamm\AppData\Local\Programs\Python\Python311\Lib\site-packages\pymongo\topology.py", line 589, in _check_session_support
    self._select_servers_loop(
  File "C:\Users\ahamm\AppData\Local\Programs\Python\Python311\Lib\site-packages\pymongo\topology.py", line 259, in _select_servers_loop
    raise ServerSelectionTimeoutError(
pymongo.errors.ServerSelectionTimeoutError: No replica set members found yet, Timeout: 3.0s, Topology Description: <TopologyDescription id: 69936ecf52808a0b517eecde, topology_type: ReplicaSetNoPrimary, servers: [<ServerDescription ('ac-sscckaf-shard-00-00.dknz5e8.mongodb.net', 27017) server_type: Unknown, rtt: None>, <ServerDescription ('ac-sscckaf-shard-00-01.dknz5e8.mongodb.net', 27017) server_type: Unknown, rtt: None>, <ServerDescription ('ac-sscckaf-shard-00-02.dknz5e8.mongodb.net', 27017) server_type: Unknown, rtt: None>]>
INFO:auth:Login attempt for username: ahammad
INFO:auth:Password verification for ahammad: True
INFO:auth:Login attempt for username: admin
INFO:auth:Password verification for admin: True
INFO:auth:Login attempt for username: krishna
INFO:auth:Password verification for krishna: True
